<?xml version="1.0" encoding="UTF-8"?>
<!-- Generated by org.testng.reporters.JUnitReportReporter -->
<testsuite hostname="PG0433AD" failures="0" tests="1" name="com.api.tests.CreateJOBAPITest" time="0.868" errors="0" timestamp="2024-09-30T15:42:23 IST" skipped="0">
  <testcase classname="com.api.tests.CreateJOBAPITest" name="CreateJOBtest" time="0.868"/>
</testsuite> <!-- com.api.tests.CreateJOBAPITest -->
