<?xml version="1.0" encoding="UTF-8"?>
<!-- Generated by org.testng.reporters.JUnitReportReporter -->
<testsuite hostname="PG0433AD" failures="0" tests="1" name="com.api.tests.UserAPIRequest" time="2.142" errors="0" timestamp="2024-09-30T16:22:53 IST" skipped="0">
  <testcase classname="com.api.tests.UserAPIRequest" name="userAPItest" time="2.142"/>
</testsuite> <!-- com.api.tests.UserAPIRequest -->
